// 重构日志: a453eab6
// 重构日志: 230ca4a8
// 重构日志: 8c8a542c
// 重构日志: b2be0c6f
// 重构日志: af22784b
// 重构日志: 7d808d4f
// 重构日志: c59b557b
// 同步 ID: 8ee59051 @ Mon Jun 22 16:29:43 UTC 2026
// 重构日志: 5e5e86d2
// 重构日志: 47381130
// 同步 ID: 1e861c40 @ Sat Jun 27 15:43:51 UTC 2026
// 同步 ID: 20efcf69 @ Sun Jun 28 15:52:52 UTC 2026
// 重构日志: 1371ddba
// 重构日志: e1d3c27f
// 重构日志: 94853ea4
// 重构日志: 700ec1fb
// 同步 ID: 0badf82d @ Sat Jul  4 11:11:53 UTC 2026
// 重构日志: e57b4b9f
// 同步 ID: f1f14d9b @ Sat Jul  4 17:29:04 UTC 2026
// 重构日志: eb3af171
// 同步 ID: 26ba9754 @ Sun Jul  5 17:17:42 UTC 2026
// 重构日志: a6e923ee
// 同步 ID: 048bc24f @ Mon Jul  6 05:40:37 UTC 2026
